\BOOKMARK [0][-]{section*.1}{Table of contents}{}% 1
\BOOKMARK [0][-]{chapter.1}{Introduction}{}% 2
\BOOKMARK [1][-]{section.1.1}{Object: The kinds of carpooling }{chapter.1}% 3
\BOOKMARK [0][-]{chapter.2}{State of the art}{}% 4
\BOOKMARK [1][-]{section.2.1}{Class of the problem}{chapter.2}% 5
\BOOKMARK [1][-]{section.2.2}{Resolution methods}{chapter.2}% 6
\BOOKMARK [1][-]{section.2.3}{Summary of the state of the art}{chapter.2}% 7
\BOOKMARK [0][-]{chapter.3}{Presentation of the problem}{}% 8
\BOOKMARK [1][-]{section.3.1}{Classical characteristics}{chapter.3}% 9
\BOOKMARK [1][-]{section.3.2}{Original characteristics}{chapter.3}% 10
\BOOKMARK [1][-]{section.3.3}{Complexity of the problem}{chapter.3}% 11
\BOOKMARK [0][-]{chapter.4}{Problem solving model}{}% 12
\BOOKMARK [1][-]{section.4.1}{Resolution specificities}{chapter.4}% 13
\BOOKMARK [1][-]{section.4.2}{The data model}{chapter.4}% 14
\BOOKMARK [1][-]{section.4.3}{Mathematical modeling}{chapter.4}% 15
\BOOKMARK [1][-]{section.4.4}{Objective functions}{chapter.4}% 16
\BOOKMARK [1][-]{section.4.5}{Resolution process}{chapter.4}% 17
\BOOKMARK [0][-]{chapter.5}{Experiments}{}% 18
\BOOKMARK [1][-]{section.5.1}{Experimental protocol}{chapter.5}% 19
\BOOKMARK [1][-]{section.5.2}{About configurations}{chapter.5}% 20
\BOOKMARK [1][-]{section.5.3}{Variations in LP parameters \046 users}{chapter.5}% 21
\BOOKMARK [1][-]{section.5.4}{Associated/dissociated programs}{chapter.5}% 22
\BOOKMARK [1][-]{section.5.5}{Users have the same workplace from generated cities}{chapter.5}% 23
\BOOKMARK [1][-]{section.5.6}{Heuristics in the case of Grenoble}{chapter.5}% 24
\BOOKMARK [1][-]{section.5.7}{Limitations of the linear program}{chapter.5}% 25
\BOOKMARK [0][-]{chapter*.60}{Conclusion and perspectives}{}% 26
\BOOKMARK [0][-]{chapter*.61}{Bibliography}{}% 27
\BOOKMARK [0][-]{chapter*.61}{Bibliography}{}% 28
\BOOKMARK [0][-]{appendix*.62}{Annexes}{}% 29
